<?xml version="1.0" encoding="UTF-8"?>
<!-- Generated by org.testng.reporters.JUnitReportReporter -->
<testsuite skipped="0" hostname="KumarSathish" name="com.crm.qa.testcases.LoginPageTest" tests="3" failures="0" timestamp="29 Jan 2018 03:55:24 GMT" time="129.276" errors="0">
  <testcase name="loginPageValidInput" time="37.597" classname="com.crm.qa.testcases.LoginPageTest"/>
  <testcase name="LoginPageLogoTest" time="42.183" classname="com.crm.qa.testcases.LoginPageTest"/>
  <testcase name="loginPageTitleTest" time="49.496" classname="com.crm.qa.testcases.LoginPageTest"/>
</testsuite> <!-- com.crm.qa.testcases.LoginPageTest -->
