<?xml version="1.0" encoding="UTF-8"?>
<!-- Generated by org.testng.reporters.JUnitReportReporter -->
<testsuite skipped="0" hostname="KumarSathish" name="com.crm.qa.testcases.LoginPageTest" tests="3" failures="0" timestamp="01 Feb 2018 03:44:26 GMT" time="120.145" errors="0">
  <testcase name="loginPageTitleTest" time="23.721" classname="com.crm.qa.testcases.LoginPageTest"/>
  <testcase name="LoginPageLogoTest" time="70.426" classname="com.crm.qa.testcases.LoginPageTest"/>
  <testcase name="loginPageValidInput" time="25.998" classname="com.crm.qa.testcases.LoginPageTest"/>
</testsuite> <!-- com.crm.qa.testcases.LoginPageTest -->
