<?xml version="1.0" encoding="UTF-8"?>
<!-- Generated by org.testng.reporters.JUnitReportReporter -->
<testsuite skipped="0" hostname="KumarSathish" name="com.crm.qa.testcases.LoginPageTest" tests="3" failures="0" timestamp="29 Jan 2018 19:31:54 GMT" time="133.299" errors="0">
  <testcase name="LoginPageLogoTest" time="23.540" classname="com.crm.qa.testcases.LoginPageTest"/>
  <testcase name="loginPageValidInput" time="71.126" classname="com.crm.qa.testcases.LoginPageTest"/>
  <testcase name="loginPageTitleTest" time="38.633" classname="com.crm.qa.testcases.LoginPageTest"/>
</testsuite> <!-- com.crm.qa.testcases.LoginPageTest -->
